<?xml version="1.0" encoding="UTF-8"?>
<!-- Generated by org.testng.reporters.JUnitReportReporter -->
<testsuite hostname="Shubh_51" failures="0" tests="3" name="com.comcast.crm.testngassert.contacttest.ContactTest1" time="107.552" errors="0" timestamp="2024-08-25T18:18:58 IST" skipped="0">
  <testcase classname="com.comcast.crm.testngassert.contacttest.ContactTest1" name="createContactTest" time="30.882"/>
  <testcase classname="com.comcast.crm.testngassert.contacttest.ContactTest1" name="createContactWithSupportDateTest" time="28.605"/>
  <testcase classname="com.comcast.crm.testngassert.contacttest.ContactTest1" name="createContactWithOrganizationTest" time="48.065"/>
</testsuite> <!-- com.comcast.crm.testngassert.contacttest.ContactTest1 -->
