<?xml version="1.0" encoding="UTF-8"?>
<!-- Generated by org.testng.reporters.JUnitReportReporter -->
<testsuite hostname="Shubh_51" failures="0" tests="4" name="com.comcast.crm.tsetng.organizationtest.OrganizationTest" time="128.720" errors="0" timestamp="2024-08-25T17:54:26 IST" skipped="0">
  <testcase classname="com.comcast.crm.tsetng.organizationtest.OrganizationTest" name="CreateOrganizationWithIndustryDDTest" time="28.854"/>
  <testcase classname="com.comcast.crm.tsetng.organizationtest.OrganizationTest" name="CreateOrganizationWithPhonenoTest" time="22.833"/>
  <testcase classname="com.comcast.crm.tsetng.organizationtest.OrganizationTest" name="CreateOrganizationAndDeleteOrganizationTest" time="45.824"/>
  <testcase classname="com.comcast.crm.tsetng.organizationtest.OrganizationTest" name="CreateOrganizationTest" time="31.209"/>
</testsuite> <!-- com.comcast.crm.tsetng.organizationtest.OrganizationTest -->
