<?xml version="1.0" encoding="UTF-8"?>
<!-- Generated by org.testng.reporters.JUnitReportReporter -->
<testsuite hostname="Shubh_51" failures="0" tests="1" name="com.comcast.crm.testngassert.contacttest.ContactTest" time="32.348" errors="0" timestamp="2024-08-25T18:23:06 IST" skipped="0">
  <testcase classname="com.comcast.crm.testngassert.contacttest.ContactTest" name="createContactWithOrganizationTest" time="32.348"/>
</testsuite> <!-- com.comcast.crm.testngassert.contacttest.ContactTest -->
