<?xml version="1.0" encoding="UTF-8"?>
<!-- Generated by org.testng.reporters.JUnitReportReporter -->
<testsuite hostname="Shubh_51" failures="0" tests="4" name="com.comcast.crm.tsetng.organizationtest.OrganizationTest1" time="119.897" errors="0" timestamp="2024-08-25T18:18:58 IST" skipped="0">
  <testcase classname="com.comcast.crm.tsetng.organizationtest.OrganizationTest1" name="CreateOrganizationWithPhonenoTest" time="19.276"/>
  <testcase classname="com.comcast.crm.tsetng.organizationtest.OrganizationTest1" name="CreateOrganizationWithIndustryDDTest" time="33.013"/>
  <testcase classname="com.comcast.crm.tsetng.organizationtest.OrganizationTest1" name="CreateOrganizationTest" time="29.617"/>
  <testcase classname="com.comcast.crm.tsetng.organizationtest.OrganizationTest1" name="CreateOrganizationAndDeleteOrganizationTest" time="37.991"/>
</testsuite> <!-- com.comcast.crm.tsetng.organizationtest.OrganizationTest1 -->
