<?xml version="1.0" encoding="UTF-8"?>
<!-- Generated by org.testng.reporters.JUnitReportReporter -->
<testsuite hostname="Shubh_51" failures="0" tests="3" name="com.comcast.crm.testng.contacttest.ContactTest" time="80.316" errors="0" timestamp="2024-08-18T19:05:05 IST" skipped="0">
  <testcase classname="com.comcast.crm.testng.contacttest.ContactTest" name="createContactWithOrganizationTest" time="36.836"/>
  <testcase classname="com.comcast.crm.testng.contacttest.ContactTest" name="createContactWithSupportDateTest" time="20.217"/>
  <testcase classname="com.comcast.crm.testng.contacttest.ContactTest" name="createContactTest" time="23.263"/>
</testsuite> <!-- com.comcast.crm.testng.contacttest.ContactTest -->
