<?xml version="1.0" encoding="UTF-8"?>
<!-- Generated by org.testng.reporters.JUnitReportReporter -->
<testsuite hostname="Shubh_51" failures="0" tests="1" name="com.comcast.crm.testngassert.organizationtest.OrganizationTest" time="21.414" errors="0" timestamp="2024-08-25T14:51:26 IST" skipped="0">
  <testcase classname="com.comcast.crm.testngassert.organizationtest.OrganizationTest" name="CreateOrganizationWithPhonenoTest" time="21.414"/>
</testsuite> <!-- com.comcast.crm.testngassert.organizationtest.OrganizationTest -->
